==33431== Memcheck, a memory error detector
==33431== Copyright (C) 2002-2017, and GNU GPL'd, by Julian Seward et al.
==33431== Using Valgrind-3.18.1-42b08ed5bd-20211015 and LibVEX; rerun with -h for copyright info
==33431== Command: ./main.GCC_
==33431== Parent PID: 33430
==33431== 
--33431-- 
--33431-- Valgrind options:
--33431--    -v
--33431--    --leak-check=yes
--33431--    --tool=memcheck
--33431--    --undef-value-errors=yes
--33431--    --track-origins=yes
--33431--    --log-file=main.GCC_.addr.out
--33431--    --show-reachable=yes
--33431-- Contents of /proc/version:
--33431--   Linux version 5.16.16-arch1-1 (linux@archlinux) (gcc (GCC) 11.2.0, GNU ld (GNU Binutils) 2.38) #1 SMP PREEMPT Mon, 21 Mar 2022 22:59:40 +0000
--33431-- 
--33431-- Arch and hwcaps: AMD64, LittleEndian, amd64-cx16-lzcnt-rdtscp-sse3-ssse3-avx-avx2-bmi-f16c-rdrand-rdseed
--33431-- Page sizes: currently 4096, max supported 4096
--33431-- Valgrind library directory: /usr/lib/valgrind
--33431-- Reading syms from /home/salman/Desktop/salmanuog/salman_3D_NS/jacobi_oo_stl/main.GCC_
--33431-- Warning: cross-CU LIMITATION: some inlined fn names
--33431-- might be shown as UnknownInlinedFun
--33431-- Reading syms from /usr/lib/ld-linux-x86-64.so.2
--33431-- Reading syms from /usr/lib/valgrind/memcheck-amd64-linux
--33431--    object doesn't have a symbol table
--33431--    object doesn't have a dynamic symbol table
--33431-- Scheduler: using generic scheduler lock implementation.
--33431-- Reading suppressions file: /usr/lib/valgrind/default.supp
==33431== embedded gdbserver: reading from /tmp/vgdb-pipe-from-vgdb-to-33431-by-salman-on-???
==33431== embedded gdbserver: writing to   /tmp/vgdb-pipe-to-vgdb-from-33431-by-salman-on-???
==33431== embedded gdbserver: shared mem   /tmp/vgdb-pipe-shared-mem-vgdb-33431-by-salman-on-???
==33431== 
==33431== TO CONTROL THIS PROCESS USING vgdb (which you probably
==33431== don't want to do, unless you know exactly what you're doing,
==33431== or are doing some strange experiment):
==33431==   /usr/lib/valgrind/../../bin/vgdb --pid=33431 ...command...
==33431== 
==33431== TO DEBUG THIS PROCESS USING GDB: start GDB like this
==33431==   /path/to/gdb ./main.GCC_
==33431== and then give GDB the following command
==33431==   target remote | /usr/lib/valgrind/../../bin/vgdb --pid=33431
==33431== --pid is optional if only one valgrind process is running
==33431== 
--33431-- REDIR: 0x4027c60 (ld-linux-x86-64.so.2:strlen) redirected to 0x580bcfb2 (???)
--33431-- REDIR: 0x4027a30 (ld-linux-x86-64.so.2:index) redirected to 0x580bcfcc (???)
--33431-- Reading syms from /usr/lib/valgrind/vgpreload_core-amd64-linux.so
--33431--    object doesn't have a symbol table
--33431-- Reading syms from /usr/lib/valgrind/vgpreload_memcheck-amd64-linux.so
--33431--    object doesn't have a symbol table
==33431== WARNING: new redirection conflicts with existing -- ignoring it
--33431--     old: 0x04027c60 (strlen              ) R-> (0000.0) 0x580bcfb2 ???
--33431--     new: 0x04027c60 (strlen              ) R-> (2007.0) 0x0484be30 strlen
--33431-- REDIR: 0x4024440 (ld-linux-x86-64.so.2:strcmp) redirected to 0x484ccd0 (strcmp)
--33431-- REDIR: 0x40281c0 (ld-linux-x86-64.so.2:mempcpy) redirected to 0x4850840 (mempcpy)
--33431-- Reading syms from /usr/lib/liblapack.so.3.10.0
--33431--    object doesn't have a symbol table
--33431-- Reading syms from /usr/lib/libopenblasp-r0.3.20.so
--33431--    object doesn't have a symbol table
--33431-- Reading syms from /usr/lib/libstdc++.so.6.0.29
--33431-- Reading syms from /usr/lib/libm.so.6
--33431--    object doesn't have a symbol table
--33431-- Reading syms from /usr/lib/libgomp.so.1.0.0
--33431-- Reading syms from /usr/lib/libgcc_s.so.1
--33431-- Reading syms from /usr/lib/libc.so.6
==33431== WARNING: new redirection conflicts with existing -- ignoring it
--33431--     old: 0x0671b2e0 (memalign            ) R-> (1011.0) 0x0484b080 memalign
--33431--     new: 0x0671b2e0 (memalign            ) R-> (1017.0) 0x0484b050 aligned_alloc
==33431== WARNING: new redirection conflicts with existing -- ignoring it
--33431--     old: 0x0671b2e0 (memalign            ) R-> (1011.0) 0x0484b080 memalign
--33431--     new: 0x0671b2e0 (memalign            ) R-> (1017.0) 0x0484b020 aligned_alloc
==33431== WARNING: new redirection conflicts with existing -- ignoring it
--33431--     old: 0x0671b2e0 (memalign            ) R-> (1011.0) 0x0484b080 memalign
--33431--     new: 0x0671b2e0 (memalign            ) R-> (1017.0) 0x0484b050 aligned_alloc
==33431== WARNING: new redirection conflicts with existing -- ignoring it
--33431--     old: 0x0671b2e0 (memalign            ) R-> (1011.0) 0x0484b080 memalign
--33431--     new: 0x0671b2e0 (memalign            ) R-> (1017.0) 0x0484b020 aligned_alloc
--33431-- Reading syms from /usr/lib/libgfortran.so.5.0.0
--33431-- Reading syms from /usr/lib/libquadmath.so.0.0.0
--33431-- REDIR: 0x671e5c0 (libc.so.6:strncasecmp) redirected to 0x483a1c0 (_vgnU_ifunc_wrapper)
--33431-- REDIR: 0x671fa20 (libc.so.6:strchrnul) redirected to 0x483a1c0 (_vgnU_ifunc_wrapper)
--33431-- REDIR: 0x6723ed0 (libc.so.6:memrchr) redirected to 0x483a1c0 (_vgnU_ifunc_wrapper)
--33431-- REDIR: 0x671e710 (libc.so.6:memcpy@@GLIBC_2.14) redirected to 0x483a1c0 (_vgnU_ifunc_wrapper)
--33431-- REDIR: 0x6737ec0 (libc.so.6:wcslen) redirected to 0x483a1c0 (_vgnU_ifunc_wrapper)
--33431-- REDIR: 0x6739620 (libc.so.6:wcsnlen) redirected to 0x483a1c0 (_vgnU_ifunc_wrapper)
--33431-- REDIR: 0x671d270 (libc.so.6:strnlen) redirected to 0x483a1c0 (_vgnU_ifunc_wrapper)
--33431-- REDIR: 0x671d530 (libc.so.6:strpbrk) redirected to 0x483a1c0 (_vgnU_ifunc_wrapper)
--33431-- REDIR: 0x671ce20 (libc.so.6:strcmp) redirected to 0x483a1c0 (_vgnU_ifunc_wrapper)
--33431-- REDIR: 0x671e1d0 (libc.so.6:memset) redirected to 0x483a1c0 (_vgnU_ifunc_wrapper)
--33431-- REDIR: 0x6737cf0 (libc.so.6:wcschr) redirected to 0x483a1c0 (_vgnU_ifunc_wrapper)
--33431-- REDIR: 0x671cda0 (libc.so.6:index) redirected to 0x483a1c0 (_vgnU_ifunc_wrapper)
--33431-- REDIR: 0x671d4b0 (libc.so.6:rindex) redirected to 0x483a1c0 (_vgnU_ifunc_wrapper)
--33431-- REDIR: 0x671e0a0 (libc.so.6:memmove) redirected to 0x483a1c0 (_vgnU_ifunc_wrapper)
==33431== Preferring higher priority redirection:
--33431--     old: 0x06803480 (__memcpy_avx_unalign) R-> (2018.0) 0x0484df90 __memcpy_avx_unaligned_erms
--33431--     new: 0x06803480 (__memcpy_avx_unalign) R-> (2018.1) 0x0484f880 memmove
--33431-- REDIR: 0x6737d70 (libc.so.6:wcscmp) redirected to 0x483a1c0 (_vgnU_ifunc_wrapper)
--33431-- REDIR: 0x671e4e0 (libc.so.6:stpncpy) redirected to 0x483a1c0 (_vgnU_ifunc_wrapper)
--33431-- REDIR: 0x6738330 (libc.so.6:wmemchr) redirected to 0x483a1c0 (_vgnU_ifunc_wrapper)
--33431-- REDIR: 0x671d380 (libc.so.6:strncmp) redirected to 0x483a1c0 (_vgnU_ifunc_wrapper)
--33431-- REDIR: 0x671e570 (libc.so.6:strcasecmp) redirected to 0x483a1c0 (_vgnU_ifunc_wrapper)
--33431-- REDIR: 0x671cf60 (libc.so.6:strcspn) redirected to 0x483a1c0 (_vgnU_ifunc_wrapper)
--33431-- REDIR: 0x6737df0 (libc.so.6:wcscpy) redirected to 0x483a1c0 (_vgnU_ifunc_wrapper)
--33431-- REDIR: 0x671cd10 (libc.so.6:strcat) redirected to 0x483a1c0 (_vgnU_ifunc_wrapper)
--33431-- REDIR: 0x671e660 (libc.so.6:strncasecmp_l) redirected to 0x483a1c0 (_vgnU_ifunc_wrapper)
--33431-- REDIR: 0x671df80 (libc.so.6:bcmp) redirected to 0x483a1c0 (_vgnU_ifunc_wrapper)
--33431-- REDIR: 0x671ced0 (libc.so.6:strcpy) redirected to 0x483a1c0 (_vgnU_ifunc_wrapper)
--33431-- REDIR: 0x671e610 (libc.so.6:strcasecmp_l) redirected to 0x483a1c0 (_vgnU_ifunc_wrapper)
--33431-- REDIR: 0x671d1f0 (libc.so.6:strlen) redirected to 0x483a1c0 (_vgnU_ifunc_wrapper)
--33431-- REDIR: 0x671d420 (libc.so.6:strncpy) redirected to 0x483a1c0 (_vgnU_ifunc_wrapper)
--33431-- REDIR: 0x671e450 (libc.so.6:stpcpy) redirected to 0x483a1c0 (_vgnU_ifunc_wrapper)
--33431-- REDIR: 0x671def0 (libc.so.6:memchr) redirected to 0x483a1c0 (_vgnU_ifunc_wrapper)
--33431-- REDIR: 0x671d650 (libc.so.6:strspn) redirected to 0x483a1c0 (_vgnU_ifunc_wrapper)
--33431-- REDIR: 0x671e2d0 (libc.so.6:mempcpy) redirected to 0x483a1c0 (_vgnU_ifunc_wrapper)
--33431-- REDIR: 0x671f990 (libc.so.6:rawmemchr) redirected to 0x483a1c0 (_vgnU_ifunc_wrapper)
--33431-- REDIR: 0x679cf70 (libc.so.6:__memcpy_chk) redirected to 0x483a1c0 (_vgnU_ifunc_wrapper)
--33431-- REDIR: 0x68002d0 (libc.so.6:__strrchr_avx2) redirected to 0x484b810 (rindex)
--33431-- REDIR: 0x671b3b0 (libc.so.6:calloc) redirected to 0x484a9d0 (calloc)
--33431-- REDIR: 0x671a590 (libc.so.6:malloc) redirected to 0x4845820 (malloc)
--33431-- REDIR: 0x6803480 (libc.so.6:__memcpy_avx_unaligned_erms) redirected to 0x484f880 (memmove)
--33431-- REDIR: 0x68004a0 (libc.so.6:__strlen_avx2) redirected to 0x484bd10 (strlen)
--33431-- REDIR: 0x671ab70 (libc.so.6:free) redirected to 0x4848210 (free)
--33431-- REDIR: 0x6803c40 (libc.so.6:__memset_avx2_unaligned_erms) redirected to 0x484f770 (memset)
--33431-- REDIR: 0x67fba40 (libc.so.6:__strncmp_avx2) redirected to 0x484c3e0 (strncmp)
--33431-- REDIR: 0x6801d00 (libc.so.6:__strncpy_avx2) redirected to 0x484bfe0 (strncpy)
--33431-- REDIR: 0x68000c0 (libc.so.6:__strchrnul_avx2) redirected to 0x4850330 (strchrnul)
--33431-- REDIR: 0x67fc740 (libc.so.6:__memcmp_avx2_movbe) redirected to 0x484f010 (bcmp)
--33431-- REDIR: 0x67fb600 (libc.so.6:__strcmp_avx2) redirected to 0x484cbd0 (strcmp)
--33431-- REDIR: 0x6803440 (libc.so.6:__mempcpy_avx_unaligned_erms) redirected to 0x4850440 (mempcpy)
--33431-- REDIR: 0x671adb0 (libc.so.6:realloc) redirected to 0x484ac50 (realloc)
--33431-- REDIR: 0x63b5400 (libstdc++.so.6:operator new(unsigned long)) redirected to 0x4845fa0 (operator new(unsigned long))
--33431-- REDIR: 0x63b35d0 (libstdc++.so.6:operator delete(void*, unsigned long)) redirected to 0x4848b00 (operator delete(void*, unsigned long))
--33431-- REDIR: 0x671db10 (libc.so.6:__GI_strstr) redirected to 0x4850ae0 (__strstr_sse2)
--33431-- REDIR: 0x63b5460 (libstdc++.so.6:operator new[](unsigned long)) redirected to 0x4847280 (operator new[](unsigned long))
--33431-- REDIR: 0x63b35c0 (libstdc++.so.6:operator delete(void*)) redirected to 0x4848840 (operator delete(void*))
--33431-- REDIR: 0x63b35f0 (libstdc++.so.6:operator delete[](void*)) redirected to 0x4849a20 (operator delete[](void*))
==33431== Stack overflow in thread #1: can't grow stack to 0x1ffe801000
==33431== 
==33431== Process terminating with default action of signal 11 (SIGSEGV): dumping core
==33431==  Access not within mapped region at address 0x1FFE801FF8
==33431== Stack overflow in thread #1: can't grow stack to 0x1ffe801000
==33431==    at 0x10B7E9: UnknownInlinedFun (geom.h:219)
==33431==    by 0x10B7E9: UnknownInlinedFun (geom.h:219)
==33431==    by 0x10B7E9: UnknownInlinedFun (geom.h:219)
==33431==    by 0x10B7E9: UnknownInlinedFun (geom.h:219)
==33431==    by 0x10B7E9: UnknownInlinedFun (geom.h:219)
==33431==    by 0x10B7E9: UnknownInlinedFun (geom.h:219)
==33431==    by 0x10B7E9: UnknownInlinedFun (geom.h:219)
==33431==    by 0x10B7E9: UnknownInlinedFun (geom.h:219)
==33431==    by 0x10B7E9: Mesh::Node2NodeGraph() const [clone .isra.0] (geom.h:219)
==33431==  If you believe this happened as a result of a stack
==33431==  overflow in your program's main thread (unlikely but
==33431==  possible), you can try to increase the size of the
==33431==  main thread stack using the --main-stacksize= flag.
==33431==  The main thread stack size used in this run was 8388608.
==33431== 
==33431== HEAP SUMMARY:
==33431==     in use at exit: 127,900 bytes in 93 blocks
==33431==   total heap usage: 364 allocs, 271 frees, 245,344 bytes allocated
==33431== 
==33431== Searching for pointers to 93 not-freed blocks
==33431== Checked 9,124,992,032 bytes
==33431== 
==33431== 6 bytes in 1 blocks are still reachable in loss record 1 of 31
==33431==    at 0x4845899: malloc (in /usr/lib/valgrind/vgpreload_memcheck-amd64-linux.so)
==33431==    by 0x671D0CF: strdup (in /usr/lib/libc.so.6)
==33431==    by 0x6AE37A6: _gfortrani_init_units (unit.c:641)
==33431==    by 0x68A4EA1: init (main.c:70)
==33431==    by 0x4005EDD: call_init (in /usr/lib/ld-linux-x86-64.so.2)
==33431==    by 0x4005FCB: _dl_init (in /usr/lib/ld-linux-x86-64.so.2)
==33431==    by 0x401D969: ??? (in /usr/lib/ld-linux-x86-64.so.2)
==33431== 
==33431== 7 bytes in 1 blocks are still reachable in loss record 2 of 31
==33431==    at 0x4845899: malloc (in /usr/lib/valgrind/vgpreload_memcheck-amd64-linux.so)
==33431==    by 0x671D0CF: strdup (in /usr/lib/libc.so.6)
==33431==    by 0x6AE36EB: _gfortrani_init_units (unit.c:672)
==33431==    by 0x68A4EA1: init (main.c:70)
==33431==    by 0x4005EDD: call_init (in /usr/lib/ld-linux-x86-64.so.2)
==33431==    by 0x4005FCB: _dl_init (in /usr/lib/ld-linux-x86-64.so.2)
==33431==    by 0x401D969: ??? (in /usr/lib/ld-linux-x86-64.so.2)
==33431== 
==33431== 7 bytes in 1 blocks are still reachable in loss record 3 of 31
==33431==    at 0x4845899: malloc (in /usr/lib/valgrind/vgpreload_memcheck-amd64-linux.so)
==33431==    by 0x671D0CF: strdup (in /usr/lib/libc.so.6)
==33431==    by 0x6AE363A: _gfortrani_init_units (unit.c:702)
==33431==    by 0x68A4EA1: init (main.c:70)
==33431==    by 0x4005EDD: call_init (in /usr/lib/ld-linux-x86-64.so.2)
==33431==    by 0x4005FCB: _dl_init (in /usr/lib/ld-linux-x86-64.so.2)
==33431==    by 0x401D969: ??? (in /usr/lib/ld-linux-x86-64.so.2)
==33431== 
==33431== 8 bytes in 1 blocks are still reachable in loss record 4 of 31
==33431==    at 0x4845899: malloc (in /usr/lib/valgrind/vgpreload_memcheck-amd64-linux.so)
==33431==    by 0x662A5AD: gomp_malloc (alloc.c:38)
==33431==    by 0x663BDAB: gomp_init_num_threads (proc.c:91)
==33431==    by 0x6628534: initialize_env (env.c:1440)
==33431==    by 0x4005EDD: call_init (in /usr/lib/ld-linux-x86-64.so.2)
==33431==    by 0x4005FCB: _dl_init (in /usr/lib/ld-linux-x86-64.so.2)
==33431==    by 0x401D969: ??? (in /usr/lib/ld-linux-x86-64.so.2)
==33431== 
==33431== 20 bytes in 1 blocks are still reachable in loss record 5 of 31
==33431==    at 0x4845899: malloc (in /usr/lib/valgrind/vgpreload_memcheck-amd64-linux.so)
==33431==    by 0x66D98DF: register_printf_modifier (in /usr/lib/libc.so.6)
==33431==    by 0x6B45153: register_printf_flt128 (quadmath-printf.c:393)
==33431==    by 0x4005EDD: call_init (in /usr/lib/ld-linux-x86-64.so.2)
==33431==    by 0x4005FCB: _dl_init (in /usr/lib/ld-linux-x86-64.so.2)
==33431==    by 0x401D969: ??? (in /usr/lib/ld-linux-x86-64.so.2)
==33431== 
==33431== 32 bytes in 1 blocks are still reachable in loss record 6 of 31
==33431==    at 0x4845899: malloc (in /usr/lib/valgrind/vgpreload_memcheck-amd64-linux.so)
==33431==    by 0x68A67E9: _gfortrani_xmalloc (memory.c:38)
==33431==    by 0x6AECA53: _gfortrani_fbuf_init (fbuf.c:41)
==33431==    by 0x6AE37B7: _gfortrani_init_units (unit.c:643)
==33431==    by 0x68A4EA1: init (main.c:70)
==33431==    by 0x4005EDD: call_init (in /usr/lib/ld-linux-x86-64.so.2)
==33431==    by 0x4005FCB: _dl_init (in /usr/lib/ld-linux-x86-64.so.2)
==33431==    by 0x401D969: ??? (in /usr/lib/ld-linux-x86-64.so.2)
==33431== 
==33431== 32 bytes in 1 blocks are still reachable in loss record 7 of 31
==33431==    at 0x4845899: malloc (in /usr/lib/valgrind/vgpreload_memcheck-amd64-linux.so)
==33431==    by 0x68A67E9: _gfortrani_xmalloc (memory.c:38)
==33431==    by 0x6AECA53: _gfortrani_fbuf_init (fbuf.c:41)
==33431==    by 0x6AE36FC: _gfortrani_init_units (unit.c:674)
==33431==    by 0x68A4EA1: init (main.c:70)
==33431==    by 0x4005EDD: call_init (in /usr/lib/ld-linux-x86-64.so.2)
==33431==    by 0x4005FCB: _dl_init (in /usr/lib/ld-linux-x86-64.so.2)
==33431==    by 0x401D969: ??? (in /usr/lib/ld-linux-x86-64.so.2)
==33431== 
==33431== 32 bytes in 1 blocks are still reachable in loss record 8 of 31
==33431==    at 0x4845899: malloc (in /usr/lib/valgrind/vgpreload_memcheck-amd64-linux.so)
==33431==    by 0x68A67E9: _gfortrani_xmalloc (memory.c:38)
==33431==    by 0x6AECA53: _gfortrani_fbuf_init (fbuf.c:41)
==33431==    by 0x6AE364E: _gfortrani_init_units (unit.c:704)
==33431==    by 0x68A4EA1: init (main.c:70)
==33431==    by 0x4005EDD: call_init (in /usr/lib/ld-linux-x86-64.so.2)
==33431==    by 0x4005FCB: _dl_init (in /usr/lib/ld-linux-x86-64.so.2)
==33431==    by 0x401D969: ??? (in /usr/lib/ld-linux-x86-64.so.2)
==33431== 
==33431== 96 bytes in 1 blocks are still reachable in loss record 9 of 31
==33431==    at 0x484AA83: calloc (in /usr/lib/valgrind/vgpreload_memcheck-amd64-linux.so)
==33431==    by 0x68A6877: _gfortrani_xcalloc (memory.c:78)
==33431==    by 0x6AE4696: fd_to_stream (unix.c:1119)
==33431==    by 0x6AE372C: _gfortrani_init_units (unit.c:619)
==33431==    by 0x68A4EA1: init (main.c:70)
==33431==    by 0x4005EDD: call_init (in /usr/lib/ld-linux-x86-64.so.2)
==33431==    by 0x4005FCB: _dl_init (in /usr/lib/ld-linux-x86-64.so.2)
==33431==    by 0x401D969: ??? (in /usr/lib/ld-linux-x86-64.so.2)
==33431== 
==33431== 96 bytes in 1 blocks are still reachable in loss record 10 of 31
==33431==    at 0x484AA83: calloc (in /usr/lib/valgrind/vgpreload_memcheck-amd64-linux.so)
==33431==    by 0x68A6877: _gfortrani_xcalloc (memory.c:78)
==33431==    by 0x6AE4696: fd_to_stream (unix.c:1119)
==33431==    by 0x6AE367C: _gfortrani_init_units (unit.c:651)
==33431==    by 0x68A4EA1: init (main.c:70)
==33431==    by 0x4005EDD: call_init (in /usr/lib/ld-linux-x86-64.so.2)
==33431==    by 0x4005FCB: _dl_init (in /usr/lib/ld-linux-x86-64.so.2)
==33431==    by 0x401D969: ??? (in /usr/lib/ld-linux-x86-64.so.2)
==33431== 
==33431== 96 bytes in 1 blocks are still reachable in loss record 11 of 31
==33431==    at 0x484AA83: calloc (in /usr/lib/valgrind/vgpreload_memcheck-amd64-linux.so)
==33431==    by 0x68A6877: _gfortrani_xcalloc (memory.c:78)
==33431==    by 0x6AE4696: fd_to_stream (unix.c:1119)
==33431==    by 0x6AE35CC: _gfortrani_init_units (unit.c:682)
==33431==    by 0x68A4EA1: init (main.c:70)
==33431==    by 0x4005EDD: call_init (in /usr/lib/ld-linux-x86-64.so.2)
==33431==    by 0x4005FCB: _dl_init (in /usr/lib/ld-linux-x86-64.so.2)
==33431==    by 0x401D969: ??? (in /usr/lib/ld-linux-x86-64.so.2)
==33431== 
==33431== 188 bytes in 1 blocks are still reachable in loss record 12 of 31
==33431==    at 0x4846013: operator new(unsigned long) (in /usr/lib/valgrind/vgpreload_memcheck-amd64-linux.so)
==33431==    by 0x10D0A4: std::vector<int, std::allocator<int> >::resize(unsigned long) (new_allocator.h:127)
==33431==    by 0x10AB30: UnknownInlinedFun (getmatrix.cpp:662)
==33431==    by 0x10AB30: UnknownInlinedFun (getmatrix.h:513)
==33431==    by 0x10AB30: UnknownInlinedFun (getmatrix.cpp:641)
==33431==    by 0x10AB30: main (main.cpp:119)
==33431== 
==33431== 192 bytes in 1 blocks are still reachable in loss record 13 of 31
==33431==    at 0x4845899: malloc (in /usr/lib/valgrind/vgpreload_memcheck-amd64-linux.so)
==33431==    by 0x662A5AD: gomp_malloc (alloc.c:38)
==33431==    by 0x6639B40: gomp_get_thread_pool (pool.h:42)
==33431==    by 0x6639B40: get_last_team (team.c:152)
==33431==    by 0x6639B40: gomp_new_team (team.c:171)
==33431==    by 0x6630C59: GOMP_parallel (parallel.c:176)
==33431==    by 0x10A5F5: main (main.cpp:56)
==33431== 
==33431== 256 bytes in 1 blocks are still reachable in loss record 14 of 31
==33431==    at 0x4845899: malloc (in /usr/lib/valgrind/vgpreload_memcheck-amd64-linux.so)
==33431==    by 0x68A67E9: _gfortrani_xmalloc (memory.c:38)
==33431==    by 0x6AECA65: _gfortrani_fbuf_init (fbuf.c:42)
==33431==    by 0x6AE364E: _gfortrani_init_units (unit.c:704)
==33431==    by 0x68A4EA1: init (main.c:70)
==33431==    by 0x4005EDD: call_init (in /usr/lib/ld-linux-x86-64.so.2)
==33431==    by 0x4005FCB: _dl_init (in /usr/lib/ld-linux-x86-64.so.2)
==33431==    by 0x401D969: ??? (in /usr/lib/ld-linux-x86-64.so.2)
==33431== 
==33431== 512 bytes in 1 blocks are still reachable in loss record 15 of 31
==33431==    at 0x4845899: malloc (in /usr/lib/valgrind/vgpreload_memcheck-amd64-linux.so)
==33431==    by 0x68A67E9: _gfortrani_xmalloc (memory.c:38)
==33431==    by 0x6AECA65: _gfortrani_fbuf_init (fbuf.c:42)
==33431==    by 0x6AE37B7: _gfortrani_init_units (unit.c:643)
==33431==    by 0x68A4EA1: init (main.c:70)
==33431==    by 0x4005EDD: call_init (in /usr/lib/ld-linux-x86-64.so.2)
==33431==    by 0x4005FCB: _dl_init (in /usr/lib/ld-linux-x86-64.so.2)
==33431==    by 0x401D969: ??? (in /usr/lib/ld-linux-x86-64.so.2)
==33431== 
==33431== 512 bytes in 1 blocks are still reachable in loss record 16 of 31
==33431==    at 0x4845899: malloc (in /usr/lib/valgrind/vgpreload_memcheck-amd64-linux.so)
==33431==    by 0x68A67E9: _gfortrani_xmalloc (memory.c:38)
==33431==    by 0x6AECA65: _gfortrani_fbuf_init (fbuf.c:42)
==33431==    by 0x6AE36FC: _gfortrani_init_units (unit.c:674)
==33431==    by 0x68A4EA1: init (main.c:70)
==33431==    by 0x4005EDD: call_init (in /usr/lib/ld-linux-x86-64.so.2)
==33431==    by 0x4005FCB: _dl_init (in /usr/lib/ld-linux-x86-64.so.2)
==33431==    by 0x401D969: ??? (in /usr/lib/ld-linux-x86-64.so.2)
==33431== 
==33431== 520 bytes in 1 blocks are still reachable in loss record 17 of 31
==33431==    at 0x48457A9: malloc (in /usr/lib/valgrind/vgpreload_memcheck-amd64-linux.so)
==33431==    by 0x662A60D: gomp_realloc (alloc.c:56)
==33431==    by 0x663A727: gomp_team_start (team.c:489)
==33431==    by 0x6630C70: GOMP_parallel (parallel.c:176)
==33431==    by 0x10A5F5: main (main.cpp:56)
==33431== 
==33431== 752 bytes in 1 blocks are still reachable in loss record 18 of 31
==33431==    at 0x484AA83: calloc (in /usr/lib/valgrind/vgpreload_memcheck-amd64-linux.so)
==33431==    by 0x68A6877: _gfortrani_xcalloc (memory.c:78)
==33431==    by 0x6AE2F87: insert_unit (unit.c:233)
==33431==    by 0x6AE3724: _gfortrani_init_units (unit.c:618)
==33431==    by 0x68A4EA1: init (main.c:70)
==33431==    by 0x4005EDD: call_init (in /usr/lib/ld-linux-x86-64.so.2)
==33431==    by 0x4005FCB: _dl_init (in /usr/lib/ld-linux-x86-64.so.2)
==33431==    by 0x401D969: ??? (in /usr/lib/ld-linux-x86-64.so.2)
==33431== 
==33431== 752 bytes in 1 blocks are still reachable in loss record 19 of 31
==33431==    at 0x484AA83: calloc (in /usr/lib/valgrind/vgpreload_memcheck-amd64-linux.so)
==33431==    by 0x68A6877: _gfortrani_xcalloc (memory.c:78)
==33431==    by 0x6AE2F87: insert_unit (unit.c:233)
==33431==    by 0x6AE3674: _gfortrani_init_units (unit.c:650)
==33431==    by 0x68A4EA1: init (main.c:70)
==33431==    by 0x4005EDD: call_init (in /usr/lib/ld-linux-x86-64.so.2)
==33431==    by 0x4005FCB: _dl_init (in /usr/lib/ld-linux-x86-64.so.2)
==33431==    by 0x401D969: ??? (in /usr/lib/ld-linux-x86-64.so.2)
==33431== 
==33431== 752 bytes in 1 blocks are still reachable in loss record 20 of 31
==33431==    at 0x484AA83: calloc (in /usr/lib/valgrind/vgpreload_memcheck-amd64-linux.so)
==33431==    by 0x68A6877: _gfortrani_xcalloc (memory.c:78)
==33431==    by 0x6AE2F87: insert_unit (unit.c:233)
==33431==    by 0x6AE35C4: _gfortrani_init_units (unit.c:681)
==33431==    by 0x68A4EA1: init (main.c:70)
==33431==    by 0x4005EDD: call_init (in /usr/lib/ld-linux-x86-64.so.2)
==33431==    by 0x4005FCB: _dl_init (in /usr/lib/ld-linux-x86-64.so.2)
==33431==    by 0x401D969: ??? (in /usr/lib/ld-linux-x86-64.so.2)
==33431== 
==33431== 752 bytes in 1 blocks are still reachable in loss record 21 of 31
==33431==    at 0x484AA83: calloc (in /usr/lib/valgrind/vgpreload_memcheck-amd64-linux.so)
==33431==    by 0x68A6877: _gfortrani_xcalloc (memory.c:78)
==33431==    by 0x6AE2F87: insert_unit (unit.c:233)
==33431==    by 0x6AE3576: _gfortrani_init_units (unit.c:710)
==33431==    by 0x68A4EA1: init (main.c:70)
==33431==    by 0x4005EDD: call_init (in /usr/lib/ld-linux-x86-64.so.2)
==33431==    by 0x4005FCB: _dl_init (in /usr/lib/ld-linux-x86-64.so.2)
==33431==    by 0x401D969: ??? (in /usr/lib/ld-linux-x86-64.so.2)
==33431== 
==33431== 752 bytes in 1 blocks are still reachable in loss record 22 of 31
==33431==    at 0x484AA83: calloc (in /usr/lib/valgrind/vgpreload_memcheck-amd64-linux.so)
==33431==    by 0x68A6877: _gfortrani_xcalloc (memory.c:78)
==33431==    by 0x6AE2F87: insert_unit (unit.c:233)
==33431==    by 0x6AE3592: _gfortrani_init_units (unit.c:712)
==33431==    by 0x68A4EA1: init (main.c:70)
==33431==    by 0x4005EDD: call_init (in /usr/lib/ld-linux-x86-64.so.2)
==33431==    by 0x4005FCB: _dl_init (in /usr/lib/ld-linux-x86-64.so.2)
==33431==    by 0x401D969: ??? (in /usr/lib/ld-linux-x86-64.so.2)
==33431== 
==33431== 1,024 bytes in 1 blocks are still reachable in loss record 23 of 31
==33431==    at 0x4845899: malloc (in /usr/lib/valgrind/vgpreload_memcheck-amd64-linux.so)
==33431==    by 0x66F6470: _IO_file_doallocate (in /usr/lib/libc.so.6)
==33431==    by 0x670423F: _IO_doallocbuf (in /usr/lib/libc.so.6)
==33431==    by 0x67035D7: _IO_file_overflow@@GLIBC_2.2.5 (in /usr/lib/libc.so.6)
==33431==    by 0x67026B5: _IO_file_xsputn@@GLIBC_2.2.5 (in /usr/lib/libc.so.6)
==33431==    by 0x66F7726: fwrite (in /usr/lib/libc.so.6)
==33431==    by 0x6445F73: sputn (streambuf:456)
==33431==    by 0x6445F73: __ostream_write<char, std::char_traits<char> > (ostream_insert.h:51)
==33431==    by 0x6445F73: std::basic_ostream<char, std::char_traits<char> >& std::__ostream_insert<char, std::char_traits<char> >(std::basic_ostream<char, std::char_traits<char> >&, char const*, long) (ostream_insert.h:102)
==33431==    by 0x10A56E: UnknownInlinedFun (ostream:611)
==33431==    by 0x10A56E: main (main.cpp:29)
==33431== 
==33431== 1,104 bytes in 1 blocks are still reachable in loss record 24 of 31
==33431==    at 0x4846013: operator new(unsigned long) (in /usr/lib/valgrind/vgpreload_memcheck-amd64-linux.so)
==33431==    by 0x10D63D: std::vector<double, std::allocator<double> >::resize(unsigned long) (new_allocator.h:127)
==33431==    by 0x10A89A: UnknownInlinedFun (geom.h:141)
==33431==    by 0x10A89A: UnknownInlinedFun (geom3.cpp:41)
==33431==    by 0x10A89A: main (main.cpp:112)
==33431== 
==33431== 1,728 bytes in 1 blocks are still reachable in loss record 25 of 31
==33431==    at 0x4846013: operator new(unsigned long) (in /usr/lib/valgrind/vgpreload_memcheck-amd64-linux.so)
==33431==    by 0x10D0A4: std::vector<int, std::allocator<int> >::resize(unsigned long) (new_allocator.h:127)
==33431==    by 0x10A8C5: UnknownInlinedFun (geom.h:110)
==33431==    by 0x10A8C5: UnknownInlinedFun (geom3.cpp:42)
==33431==    by 0x10A8C5: main (main.cpp:112)
==33431== 
==33431== 1,984 bytes in 1 blocks are still reachable in loss record 26 of 31
==33431==    at 0x484AA83: calloc (in /usr/lib/valgrind/vgpreload_memcheck-amd64-linux.so)
==33431==    by 0x66D9BF7: register_printf_type (in /usr/lib/libc.so.6)
==33431==    by 0x6B45137: register_printf_flt128 (quadmath-printf.c:390)
==33431==    by 0x4005EDD: call_init (in /usr/lib/ld-linux-x86-64.so.2)
==33431==    by 0x4005FCB: _dl_init (in /usr/lib/ld-linux-x86-64.so.2)
==33431==    by 0x401D969: ??? (in /usr/lib/ld-linux-x86-64.so.2)
==33431== 
==33431== 2,040 bytes in 1 blocks are still reachable in loss record 27 of 31
==33431==    at 0x484AA83: calloc (in /usr/lib/valgrind/vgpreload_memcheck-amd64-linux.so)
==33431==    by 0x66D996F: register_printf_modifier (in /usr/lib/libc.so.6)
==33431==    by 0x6B45153: register_printf_flt128 (quadmath-printf.c:393)
==33431==    by 0x4005EDD: call_init (in /usr/lib/ld-linux-x86-64.so.2)
==33431==    by 0x4005FCB: _dl_init (in /usr/lib/ld-linux-x86-64.so.2)
==33431==    by 0x401D969: ??? (in /usr/lib/ld-linux-x86-64.so.2)
==33431== 
==33431== 4,096 bytes in 1 blocks are still reachable in loss record 28 of 31
==33431==    at 0x484AA83: calloc (in /usr/lib/valgrind/vgpreload_memcheck-amd64-linux.so)
==33431==    by 0x66D79D7: register_printf_specifier (in /usr/lib/libc.so.6)
==33431==    by 0x6B45181: register_printf_flt128 (quadmath-printf.c:396)
==33431==    by 0x4005EDD: call_init (in /usr/lib/ld-linux-x86-64.so.2)
==33431==    by 0x4005FCB: _dl_init (in /usr/lib/ld-linux-x86-64.so.2)
==33431==    by 0x401D969: ??? (in /usr/lib/ld-linux-x86-64.so.2)
==33431== 
==33431== 15,680 bytes in 1 blocks are still reachable in loss record 29 of 31
==33431==    at 0x4845899: malloc (in /usr/lib/valgrind/vgpreload_memcheck-amd64-linux.so)
==33431==    by 0x662A5AD: gomp_malloc (alloc.c:38)
==33431==    by 0x66399A1: gomp_new_team (team.c:176)
==33431==    by 0x6630C59: GOMP_parallel (parallel.c:176)
==33431==    by 0x10A5F5: main (main.cpp:56)
==33431== 
==33431== 21,168 bytes in 63 blocks are possibly lost in loss record 30 of 31
==33431==    at 0x484AA83: calloc (in /usr/lib/valgrind/vgpreload_memcheck-amd64-linux.so)
==33431==    by 0x4012892: allocate_dtv (in /usr/lib/ld-linux-x86-64.so.2)
==33431==    by 0x40132D1: _dl_allocate_tls (in /usr/lib/ld-linux-x86-64.so.2)
==33431==    by 0x670B295: pthread_create@@GLIBC_2.34 (in /usr/lib/libc.so.6)
==33431==    by 0x6639F84: gomp_team_start (team.c:845)
==33431==    by 0x6630C70: GOMP_parallel (parallel.c:176)
==33431==    by 0x10A5F5: main (main.cpp:56)
==33431== 
==33431== 72,704 bytes in 1 blocks are still reachable in loss record 31 of 31
==33431==    at 0x4845899: malloc (in /usr/lib/valgrind/vgpreload_memcheck-amd64-linux.so)
==33431==    by 0x63B115A: pool (eh_alloc.cc:123)
==33431==    by 0x63B115A: __static_initialization_and_destruction_0 (eh_alloc.cc:262)
==33431==    by 0x63B115A: _GLOBAL__sub_I_eh_alloc.cc (eh_alloc.cc:338)
==33431==    by 0x4005EDD: call_init (in /usr/lib/ld-linux-x86-64.so.2)
==33431==    by 0x4005FCB: _dl_init (in /usr/lib/ld-linux-x86-64.so.2)
==33431==    by 0x401D969: ??? (in /usr/lib/ld-linux-x86-64.so.2)
==33431== 
==33431== LEAK SUMMARY:
==33431==    definitely lost: 0 bytes in 0 blocks
==33431==    indirectly lost: 0 bytes in 0 blocks
==33431==      possibly lost: 21,168 bytes in 63 blocks
==33431==    still reachable: 106,732 bytes in 30 blocks
==33431==         suppressed: 0 bytes in 0 blocks
==33431== 
==33431== ERROR SUMMARY: 1 errors from 1 contexts (suppressed: 0 from 0)
